<?xml version="1.0" encoding="UTF-8"?>
<testsuite xmlns:xsi="http://www.w3.org/2001/XMLSchema-instance" xsi:noNamespaceSchemaLocation="https://maven.apache.org/surefire/maven-surefire-plugin/xsd/surefire-test-report-3.0.xsd" version="3.0" name="com.example.keycloakmanager.service.validation.password.UserPasswordValidationTest" time="0.007" tests="12" errors="0" skipped="0" failures="0">
  <properties>
[...]
</properties>
  <testcase name="isValid_returnsFalse_whenDuplicateWords" classname="com.example.keycloakmanager.service.validation.password.UserPasswordValidationTest" time="0.001">
    <system-out><![CDATA[12:10:41.138 [main] ERROR com.example.keycloakmanager.service.validation.password.UserPasswordValidation -- No two words should be the same.
]]></system-out>
  </testcase>
  <testcase name="isValid_returnsFalse_whenTooShort" classname="com.example.keycloakmanager.service.validation.password.UserPasswordValidationTest" time="0.0">
    <system-out><![CDATA[12:10:41.138 [main] ERROR com.example.keycloakmanager.service.validation.password.UserPasswordValidation -- Password must be at least 17 characters long, short-pass is only 10 characters long.
]]></system-out>
  </testcase>
  <testcase name="isValid_returnsTrue_whenValidPassphrase" classname="com.example.keycloakmanager.service.validation.password.UserPasswordValidationTest" time="0.0"/>
  <testcase name="numberWordsCondition_returnsFalse_whenTooFew" classname="com.example.keycloakmanager.service.validation.password.UserPasswordValidationTest" time="0.0">
    <system-out><![CDATA[12:10:41.139 [main] ERROR com.example.keycloakmanager.service.validation.password.UserPasswordValidation -- The password must have at least 3 words, this password has 2 words
]]></system-out>
  </testcase>
  <testcase name="numberWordsCondition_returnsTrue_whenSufficientWords" classname="com.example.keycloakmanager.service.validation.password.UserPasswordValidationTest" time="0.001"/>
  <testcase name="passwordLengthCondition_returnsTrue_whenAtMinimum" classname="com.example.keycloakmanager.service.validation.password.UserPasswordValidationTest" time="0.0"/>
  <testcase name="noDuplicateWordsCondition_returnsFalse_whenDuplicatesPresent" classname="com.example.keycloakmanager.service.validation.password.UserPasswordValidationTest" time="0.001">
    <system-out><![CDATA[12:10:41.140 [main] ERROR com.example.keycloakmanager.service.validation.password.UserPasswordValidation -- No two words should be the same.
]]></system-out>
  </testcase>
  <testcase name="isValid_returnsFalse_whenTooFewWords" classname="com.example.keycloakmanager.service.validation.password.UserPasswordValidationTest" time="0.0">
    <system-out><![CDATA[12:10:41.141 [main] ERROR com.example.keycloakmanager.service.validation.password.UserPasswordValidation -- The password must have at least 3 words, this password has 2 words
]]></system-out>
  </testcase>
  <testcase name="noDuplicateWordsCondition_returnsTrue_whenAllUnique" classname="com.example.keycloakmanager.service.validation.password.UserPasswordValidationTest" time="0.0"/>
  <testcase name="passwordLengthCondition_returnsFalse_whenBelowMinimum" classname="com.example.keycloakmanager.service.validation.password.UserPasswordValidationTest" time="0.0">
    <system-out><![CDATA[12:10:41.142 [main] ERROR com.example.keycloakmanager.service.validation.password.UserPasswordValidation -- Password must be at least 17 characters long, short is only 5 characters long.
]]></system-out>
  </testcase>
  <testcase name="getWords_parsesHyphenSeparatedWords" classname="com.example.keycloakmanager.service.validation.password.UserPasswordValidationTest" time="0.002"/>
  <testcase name="isValid_returnsFalse_whenNull" classname="com.example.keycloakmanager.service.validation.password.UserPasswordValidationTest" time="0.0"/>
</testsuite>