<?xml version="1.0" encoding="UTF-8"?>
<testsuite xmlns:xsi="http://www.w3.org/2001/XMLSchema-instance" xsi:noNamespaceSchemaLocation="https://maven.apache.org/surefire/maven-surefire-plugin/xsd/surefire-test-report.xsd" version="3.0.2" name="com.example.keycloakmanager.service.UsersServiceImplTest" time="0.508" tests="5" errors="0" skipped="0" failures="0">
  <properties>
[...]
</properties>
  <testcase name="createUser_propagatesUserCreationException" classname="com.example.keycloakmanager.service.UsersServiceImplTest" time="0.488">
    <system-out><![CDATA[15:40:04.453 [main] INFO com.example.keycloakmanager.service.UsersServiceImpl -- Password for test@test.com generated with a length 23
]]></system-out>
  </testcase>
  <testcase name="createUser_createsUserInKeycloak_andReturnsPassword" classname="com.example.keycloakmanager.service.UsersServiceImplTest" time="0.008">
    <system-out><![CDATA[15:40:04.459 [main] INFO com.example.keycloakmanager.service.UsersServiceImpl -- Password for john.doe@example.com generated with a length 23
]]></system-out>
  </testcase>
  <testcase name="resetPassword_generatesNewPasswordAndUpdatesKeycloak" classname="com.example.keycloakmanager.service.UsersServiceImplTest" time="0.005">
    <system-out><![CDATA[15:40:04.467 [main] INFO com.example.keycloakmanager.service.UsersServiceImpl -- New password for jane@example.com generated with a length 20
]]></system-out>
  </testcase>
  <testcase name="getUser_returnsUserDetails" classname="com.example.keycloakmanager.service.UsersServiceImplTest" time="0.003"/>
  <testcase name="rollbackUser_deletesUserByUsername" classname="com.example.keycloakmanager.service.UsersServiceImplTest" time="0.001"/>
</testsuite>